{
  "RSpec": {
    "coverage": {
      "/home/roba/Documents/ruby-orientaition-game/lib/game.rb": [
        1,
        1,
        1,
        null,
        1,
        171,
        171,
        171,
        171,
        171,
        171,
        171,
        171,
        null,
        null,
        null,
        1,
        2,
        null,
        null,
        1,
        3,
        1,
        null,
        null,
        null,
        null,
        1,
        2,
        1,
        null,
        1,
        null,
        null,
        null,
        1,
        1,
        null,
        null,
        1,
        1,
        null,
        null,
        1,
        2,
        1,
        null,
        1,
        null,
        null,
        null,
        1,
        12,
        11,
        11,
        null,
        1,
        null,
        null,
        null,
        1,
        2,
        1,
        1,
        null,
        1,
        null,
        null,
        null,
        1,
        2,
        null,
        null,
        1,
        2,
        1,
        null,
        1,
        1,
        null,
        null,
        null,
        1,
        2,
        1,
        null,
        1,
        null,
        null,
        null,
        1,
        2,
        1,
        null,
        1,
        null,
        null,
        null,
        1,
        2,
        1,
        null,
        1,
        null,
        null,
        null
      ],
      "/home/roba/Documents/ruby-orientaition-game/lib/accesing_database.rb": [
        1,
        1,
        null,
        1,
        80,
        null,
        null,
        1,
        7,
        null,
        null,
        1,
        1,
        1,
        null,
        null,
        null,
        1,
        5,
        null,
        null,
        1,
        1,
        1,
        1,
        null,
        null,
        null
      ],
      "/home/roba/Documents/ruby-orientaition-game/lib/team.rb": [
        1,
        1,
        1,
        1,
        null,
        1,
        82,
        null,
        null,
        1,
        2,
        1,
        null,
        null,
        null,
        1,
        2,
        5,
        4,
        null,
        1,
        null,
        null,
        1,
        null,
        null,
        1,
        2,
        5,
        1,
        null,
        null,
        1,
        1,
        1,
        null,
        null,
        1,
        2,
        2,
        3,
        null,
        2,
        null,
        2,
        1,
        null,
        1,
        null,
        null,
        null,
        1,
        2,
        1,
        1,
        null,
        1,
        null,
        null,
        null,
        1,
        2,
        1,
        null,
        1,
        null,
        null,
        null,
        1,
        2,
        1,
        1,
        null,
        1,
        null,
        null,
        null,
        1,
        2,
        1,
        1,
        1,
        null,
        null,
        1,
        null,
        null,
        1,
        2,
        1,
        null,
        1,
        null,
        null,
        null
      ],
      "/home/roba/Documents/ruby-orientaition-game/lib/user.rb": [
        1,
        1,
        1,
        null,
        1,
        1,
        null,
        null,
        1,
        102,
        102,
        null,
        null,
        1,
        2,
        1,
        null,
        1,
        null,
        null,
        null,
        1,
        2,
        1,
        null,
        1,
        null,
        null,
        null,
        1,
        2,
        1,
        null,
        1,
        null,
        null,
        null,
        1,
        2,
        1,
        null,
        null,
        null,
        1,
        2,
        1,
        null,
        null,
        null,
        1,
        2,
        1,
        4,
        null,
        1,
        null,
        1,
        null,
        null,
        null,
        1,
        2,
        2,
        null,
        null,
        1,
        1,
        1,
        null,
        null,
        1,
        2,
        9,
        1,
        1,
        1,
        null,
        null,
        1,
        null,
        null,
        1,
        2,
        2,
        9,
        1,
        null,
        null,
        1,
        null,
        null,
        1,
        2,
        1,
        null,
        1,
        null,
        null,
        null,
        null
      ],
      "/home/roba/Documents/ruby-orientaition-game/lib/level.rb": [
        1,
        1,
        null,
        1,
        48,
        48,
        48,
        null,
        null,
        1,
        2,
        null,
        null,
        1,
        2,
        1,
        null,
        1,
        null,
        null,
        null,
        null
      ],
      "/home/roba/Documents/ruby-orientaition-game/lib/forum_message.rb": [
        1,
        1,
        1,
        null
      ],
      "/home/roba/Documents/ruby-orientaition-game/database.rb": [
        1,
        1,
        1,
        1,
        1,
        1,
        null,
        1,
        1,
        null,
        null,
        null,
        null,
        null,
        22,
        null,
        null,
        1,
        21,
        21,
        20,
        null,
        1,
        null,
        null,
        20,
        80,
        null,
        null,
        null,
        1,
        1,
        1,
        4,
        null,
        1,
        1,
        null,
        null
      ],
      "/home/roba/Documents/ruby-orientaition-game/menu.rb": [
        1,
        1,
        1,
        1,
        1,
        1,
        null,
        1,
        1,
        null,
        1,
        null,
        null,
        null,
        null,
        null,
        null,
        null,
        null,
        null,
        null,
        null,
        null,
        null,
        null,
        null,
        null,
        null,
        0,
        0,
        0,
        0,
        null,
        0,
        0,
        null,
        0,
        0,
        null,
        0,
        0,
        null,
        0,
        0,
        null,
        0,
        0,
        null,
        0,
        0,
        null,
        0,
        0,
        null,
        0,
        0,
        null,
        0,
        0,
        null,
        0,
        0,
        null,
        0,
        0,
        null,
        0,
        0,
        null,
        0,
        0,
        null,
        0,
        0,
        null,
        0,
        0,
        null,
        0,
        null,
        0,
        0,
        0,
        null,
        null,
        null,
        1,
        0,
        0,
        0,
        0,
        null,
        0,
        null,
        null,
        null,
        null,
        1,
        null,
        1,
        1,
        1,
        null,
        null,
        0,
        null,
        0,
        0,
        null,
        null,
        0,
        0,
        0,
        null,
        null,
        null,
        0,
        0,
        0,
        0,
        0,
        0,
        0,
        0,
        0,
        0,
        0,
        0,
        0,
        null,
        0,
        null,
        null,
        null,
        0,
        0,
        0,
        0,
        null,
        0,
        0,
        0,
        0,
        0,
        0,
        0,
        null,
        0,
        null,
        null,
        null,
        0,
        0,
        0,
        0,
        0,
        0,
        0,
        0,
        0,
        0,
        null,
        0,
        null,
        null,
        1,
        1,
        0,
        0,
        0,
        0,
        0,
        0,
        0,
        0,
        null,
        0,
        null,
        null,
        1,
        1,
        null,
        null,
        null,
        1,
        1,
        1,
        1,
        1,
        null,
        null,
        null,
        1,
        2,
        1,
        1,
        1,
        null,
        0,
        0,
        null,
        0,
        null,
        0,
        0,
        0,
        0,
        0,
        0,
        0,
        0,
        0,
        0,
        null,
        1,
        null,
        null,
        null,
        1,
        0,
        0,
        0,
        0,
        0,
        0,
        0,
        0,
        0,
        null,
        0,
        0,
        0,
        0,
        0,
        null,
        0,
        0,
        0,
        0,
        0,
        0,
        null,
        null,
        null,
        null,
        0,
        null,
        null,
        0,
        null,
        null,
        null,
        1,
        1,
        0,
        0,
        0,
        0,
        0,
        0,
        null,
        0,
        null,
        0,
        0,
        0,
        0,
        0,
        0,
        0,
        0,
        0,
        0,
        0,
        null,
        0,
        null,
        1,
        null,
        null,
        null,
        1,
        1,
        1,
        1,
        null,
        0,
        0,
        0,
        0,
        0,
        0,
        0,
        0,
        0,
        null,
        0,
        0,
        0,
        0,
        0,
        0,
        0,
        0,
        0,
        0,
        0,
        null,
        0,
        0,
        null,
        0,
        0,
        0,
        0,
        0,
        null,
        0,
        0,
        null,
        null,
        null,
        null,
        0,
        null,
        null,
        null,
        1,
        null,
        2,
        1,
        1,
        null,
        null,
        1,
        1,
        1,
        null,
        null,
        0,
        0,
        0,
        0,
        0,
        null,
        0,
        0,
        null,
        null,
        0,
        0,
        0,
        0,
        0,
        0,
        0,
        0,
        0,
        0,
        0,
        0,
        null,
        0,
        null,
        null,
        null,
        0,
        null,
        0,
        0,
        0,
        0,
        null,
        null,
        null,
        null,
        1,
        0,
        0,
        0,
        0,
        null,
        null,
        null,
        1,
        0,
        0,
        null,
        0,
        0,
        0,
        null,
        0,
        null,
        null,
        1,
        0,
        0,
        0,
        null,
        null,
        null,
        1,
        0,
        0,
        null,
        null,
        0,
        0,
        null,
        0,
        null,
        null,
        0,
        0,
        null,
        0,
        0,
        0,
        null,
        null,
        null,
        1,
        0,
        0,
        0,
        null,
        0,
        0,
        0,
        0,
        0,
        0,
        0,
        null,
        null,
        null,
        1,
        0,
        0,
        0,
        null,
        0,
        0,
        0,
        0,
        0,
        0,
        null,
        null,
        null,
        1,
        0,
        0,
        0,
        null,
        0,
        0,
        0,
        0,
        0,
        0,
        0,
        0,
        0,
        null,
        null,
        1,
        0,
        0,
        0,
        0,
        0,
        null,
        null,
        null,
        1,
        0,
        null,
        null,
        null
      ]
    },
    "timestamp": 1401114345
  }
}
